<?xml version="1.0" encoding="UTF-8"?>
<!-- Generated by org.testng.reporters.JUnitXMLReporter -->
<testsuite hostname="DESKTOP-P1FR6H0" ignored="0" name="Test" tests="4" failures="0" timestamp="2021-04-18T23:53:26 IST" time="35.76" errors="0">
  <testcase name="basePageNavigations" time="0.125" classname="Academy.ValidationTitles"/>
  <testcase name="basePageNavigations" time="0.132" classname="Academy.ValidationNavBars"/>
  <testcase name="basePageNavigations" time="7.845" classname="Academy.Homepage"/>
  <testcase name="basePageNavigations" time="4.907" classname="Academy.Homepage"/>
</testsuite> <!-- Test -->
