<?xml version="1.0" encoding="UTF-8"?>
<!-- Generated by org.testng.reporters.JUnitXMLReporter -->
<testsuite hostname="DESKTOP-P1FR6H0" ignored="0" name="Test" tests="4" failures="0" timestamp="2021-04-19T10:28:31 IST" time="65.791" errors="0">
  <testcase name="basePageNavigations" time="0.202" classname="Academy.ValidationTitles"/>
  <testcase name="basePageNavigations" time="0.283" classname="Academy.ValidationNavBars"/>
  <testcase name="basePageNavigations" time="11.576" classname="Academy.Homepage"/>
  <testcase name="basePageNavigations" time="2.809" classname="Academy.Homepage"/>
</testsuite> <!-- Test -->
