<?xml version="1.0" encoding="UTF-8"?>
<!-- Generated by org.testng.reporters.JUnitXMLReporter -->
<testsuite hostname="DESKTOP-P1FR6H0" ignored="0" name="validatingTitles" tests="1" failures="1" timestamp="2021-04-20T12:34:43 IST" time="15.562" errors="0">
  <testcase name="ValidateTitles" time="0.143" classname="Academy.ValidationTitles">
    <failure type="java.lang.AssertionError" message="expected [FEATURddED COURSES] but found [FEATURED COURSES]">
      <![CDATA[java.lang.AssertionError: expected [FEATURddED COURSES] but found [FEATURED COURSES]
at Academy.ValidationTitles.ValidateTitles(ValidationTitles.java:34)
at java.util.ArrayList.forEach(Unknown Source)
... Removed 37 stack frames]]>
    </failure>
  </testcase> <!-- ValidateTitles -->
</testsuite> <!-- validatingTitles -->
