-------------------------------------------------------------------------------
Test set: TestSuite
-------------------------------------------------------------------------------
Tests run: 4, Failures: 1, Errors: 0, Skipped: 0, Time elapsed: 42.52 s <<< FAILURE! - in TestSuite
Academy.ValidationTitles.ValidateTitles  Time elapsed: 0.087 s  <<< FAILURE!
java.lang.AssertionError: expected [FEATURddED COURSES] but found [FEATURED COURSES]
	at Academy.ValidationTitles.ValidateTitles(ValidationTitles.java:34)

