<?xml version="1.0" encoding="UTF-8"?>
<testsuite xmlns:xsi="http://www.w3.org/2001/XMLSchema-instance" xsi:noNamespaceSchemaLocation="https://maven.apache.org/surefire/maven-surefire-plugin/xsd/surefire-test-report-3.0.xsd" version="3.0" name="TestSuite" time="42.52" tests="4" errors="0" skipped="0" failures="1">
  <properties>
[...]
</properties>
  <testcase name="ValidateTitles" classname="Academy.ValidationTitles" time="0.087">
    <failure message="expected [FEATURddED COURSES] but found [FEATURED COURSES]" type="java.lang.AssertionError"><![CDATA[java.lang.AssertionError: expected [FEATURddED COURSES] but found [FEATURED COURSES]
	at Academy.ValidationTitles.ValidateTitles(ValidationTitles.java:34)
]]></failure>
    <system-err><![CDATA[Starting ChromeDriver 88.0.4324.96 (68dba2d8a0b149a1d3afac56fa74648032bcf46b-refs/branch-heads/4324@{#1784}) on port 37841
Only local connections are allowed.
Please see https://chromedriver.chromium.org/security-considerations for suggestions on keeping ChromeDriver safe.
ChromeDriver was started successfully.
[1618902271.586][WARNING]: This version of ChromeDriver has not been tested with Chrome version 89.
Apr 20, 2021 12:34:31 PM org.openqa.selenium.remote.ProtocolHandshake createSession
INFO: Detected dialect: W3C
]]></system-err>
  </testcase>
  <testcase name="validateAppNavBars" classname="Academy.ValidationNavBars" time="0.15">
    <system-err><![CDATA[Starting ChromeDriver 88.0.4324.96 (68dba2d8a0b149a1d3afac56fa74648032bcf46b-refs/branch-heads/4324@{#1784}) on port 5921
Only local connections are allowed.
Please see https://chromedriver.chromium.org/security-considerations for suggestions on keeping ChromeDriver safe.
ChromeDriver was started successfully.
[1618902286.642][WARNING]: This version of ChromeDriver has not been tested with Chrome version 89.
Apr 20, 2021 12:34:46 PM org.openqa.selenium.remote.ProtocolHandshake createSession
INFO: Detected dialect: W3C
]]></system-err>
  </testcase>
  <testcase name="basePageNavigations[Anusha.singamala@gmail.com, abcdfe, null](1)" classname="Academy.Homepage" time="8.795">
    <system-err><![CDATA[Starting ChromeDriver 88.0.4324.96 (68dba2d8a0b149a1d3afac56fa74648032bcf46b-refs/branch-heads/4324@{#1784}) on port 44092
Only local connections are allowed.
Please see https://chromedriver.chromium.org/security-considerations for suggestions on keeping ChromeDriver safe.
ChromeDriver was started successfully.
[1618902295.197][WARNING]: This version of ChromeDriver has not been tested with Chrome version 89.
Apr 20, 2021 12:34:55 PM org.openqa.selenium.remote.ProtocolHandshake createSession
INFO: Detected dialect: W3C
]]></system-err>
  </testcase>
  <testcase name="basePageNavigations[Anusha.s@gmail.com, abcdfe, null](2)" classname="Academy.Homepage" time="4.17"/>
</testsuite>